<?xml version="1.0" encoding="UTF-8"?>
<!-- Generated by org.testng.reporters.JUnitXMLReporter -->
<testsuite hostname="DESKTOP-CS3FB5N" ignored="0" name="Default test" tests="4" failures="0" timestamp="15 Feb 2018 05:23:20 GMT" time="93.838" errors="0">
  <testcase name="Conocenos" time="9.885" classname="Test.NewTest"/>
  <testcase name="Inicio" time="1.441" classname="Test.NewTest"/>
  <testcase name="Portafolio" time="1.783" classname="Test.NewTest"/>
  <testcase name="Servicios" time="40.042" classname="Test.NewTest"/>
</testsuite> <!-- Default test -->
