<?xml version="1.0" encoding="UTF-8"?>
<!-- Generated by org.testng.reporters.JUnitXMLReporter -->
<testsuite hostname="DESKTOP-CS3FB5N" ignored="0" name="GBH Test" tests="6" failures="0" timestamp="15 Feb 2018 05:46:01 GMT" time="99.536" errors="0">
  <testcase name="Inicio" time="0.725" classname="Test.NewTest"/>
  <testcase name="Servicios" time="32.462" classname="Test.NewTest"/>
  <testcase name="Portafolio" time="2.402" classname="Test.NewTest"/>
  <testcase name="Conocenos" time="9.662" classname="Test.NewTest"/>
  <testcase name="Empleos" time="6.501" classname="Test.NewTest"/>
  <testcase name="BLOG" time="1.791" classname="Test.NewTest"/>
</testsuite> <!-- GBH Test -->
